<?xml version="1.0" encoding="UTF-8"?>
<!-- Generated by org.testng.reporters.JUnitReportReporter -->
<testsuite hostname="LAPTOP-UK7PKGHG" name="testngPack.demo2" tests="4" failures="0" timestamp="4 Jan 2020 07:16:32 GMT" time="0.034" errors="0">
  <testcase name="d" time="0.024" classname="testngPack.demo2"/>
  <testcase name="c" time="0.003" classname="testngPack.demo2"/>
  <testcase name="a" time="0.004" classname="testngPack.demo2"/>
  <testcase name="b" time="0.003" classname="testngPack.demo2"/>
</testsuite> <!-- testngPack.demo2 -->
