<?xml version="1.0" encoding="UTF-8"?>
<!-- Generated by org.testng.reporters.JUnitReportReporter -->
<testsuite hostname="LAPTOP-UK7PKGHG" name="multiple.demo4" tests="2" failures="0" timestamp="4 Jan 2020 07:16:32 GMT" time="0.006" errors="0">
  <testcase name="a" time="0.004" classname="multiple.demo4"/>
  <testcase name="b" time="0.002" classname="multiple.demo4"/>
</testsuite> <!-- multiple.demo4 -->
