<?xml version="1.0" encoding="UTF-8"?>
<!-- Generated by org.testng.reporters.JUnitReportReporter -->
<testsuite hostname="LAPTOP-UK7PKGHG" name="multiple.dataproviderdemo" tests="2" failures="0" timestamp="4 Jan 2020 07:26:37 GMT" time="0.018" errors="0">
  <testcase name="Login" time="0.015" classname="multiple.dataproviderdemo"/>
  <testcase name="Login" time="0.003" classname="multiple.dataproviderdemo"/>
</testsuite> <!-- multiple.dataproviderdemo -->
