<?xml version="1.0" encoding="UTF-8"?>
<!-- Generated by org.testng.reporters.JUnitReportReporter -->
<testsuite hostname="LAPTOP-UK7PKGHG" name="advSelenium.logforjtc" tests="1" failures="0" timestamp="5 Jan 2020 07:09:37 GMT" time="17.376" errors="0">
  <testcase name="logforjtestcase" time="17.376" classname="advSelenium.logforjtc"/>
</testsuite> <!-- advSelenium.logforjtc -->
