<?xml version="1.0" encoding="UTF-8"?>
<!-- Generated by org.testng.reporters.JUnitReportReporter -->
<testsuite hostname="LAPTOP-UK7PKGHG" name="testngPack.demo5" tests="5" failures="0" timestamp="4 Jan 2020 07:16:32 GMT" time="0.057" errors="0">
  <testcase name="z" time="0.004" classname="testngPack.demo5"/>
  <testcase name="e" time="0.004" classname="testngPack.demo5"/>
  <testcase name="d" time="0.004" classname="testngPack.demo5"/>
  <testcase name="a" time="0.039" classname="testngPack.demo5"/>
  <testcase name="b" time="0.006" classname="testngPack.demo5"/>
</testsuite> <!-- testngPack.demo5 -->
