<?xml version="1.0" encoding="UTF-8"?>
<!-- Generated by org.testng.reporters.JUnitReportReporter -->
<testsuite hostname="LAPTOP-UK7PKGHG" name="advSelenium.propertiesFileDemo" tests="1" failures="0" timestamp="5 Jan 2020 05:26:39 GMT" time="41.426" errors="0">
  <testcase name="ordemo" time="41.426" classname="advSelenium.propertiesFileDemo"/>
</testsuite> <!-- advSelenium.propertiesFileDemo -->
