<?xml version="1.0" encoding="UTF-8"?>
<!-- Generated by org.testng.reporters.JUnitReportReporter -->
<testsuite hostname="LAPTOP-UK7PKGHG" name="advSelenium.autoitdemo" tests="1" failures="0" timestamp="12 Jan 2020 05:22:40 GMT" time="18.832" errors="0">
  <testcase name="upload" time="18.832" classname="advSelenium.autoitdemo"/>
</testsuite> <!-- advSelenium.autoitdemo -->
