<?xml version="1.0" encoding="UTF-8"?>
<!-- Generated by org.testng.reporters.JUnitReportReporter -->
<testsuite hostname="LAPTOP-UK7PKGHG" name="multiple.demo6" tests="2" failures="0" timestamp="4 Jan 2020 07:35:35 GMT" time="0.023" errors="0">
  <testcase name="a" time="0.011" classname="multiple.demo6"/>
  <testcase name="b" time="0.012" classname="multiple.demo6"/>
</testsuite> <!-- multiple.demo6 -->
