<?xml version="1.0" encoding="UTF-8"?>
<!-- Generated by org.testng.reporters.JUnitReportReporter -->
<testsuite hostname="LAPTOP-UK7PKGHG" name="testngPack.demo1" tests="4" failures="0" timestamp="4 Jan 2020 07:16:32 GMT" time="0.011" errors="0">
  <testcase name="b" time="0.003" classname="testngPack.demo1"/>
  <testcase name="c" time="0.002" classname="testngPack.demo1"/>
  <testcase name="d" time="0.003" classname="testngPack.demo1"/>
  <testcase name="a" time="0.003" classname="testngPack.demo1"/>
</testsuite> <!-- testngPack.demo1 -->
