<?xml version="1.0" encoding="UTF-8"?>
<!-- Generated by org.testng.reporters.JUnitReportReporter -->
<testsuite hostname="LAPTOP-UK7PKGHG" name="jenkindemo.jenkintc" tests="2" failures="0" timestamp="12 Jan 2020 08:08:03 GMT" time="0.014" errors="0">
  <testcase name="tcone" time="0.014" classname="jenkindemo.jenkintc"/>
  <testcase name="tctwo" time="0.000" classname="jenkindemo.jenkintc"/>
</testsuite>
