<?xml version="1.0" encoding="UTF-8"?>
<!-- Generated by org.testng.reporters.JUnitReportReporter -->
<testsuite hostname="LAPTOP-UK7PKGHG" name="testngPack.checkTestNg" tests="2" failures="0" timestamp="4 Jan 2020 07:16:32 GMT" time="0.009" errors="0">
  <testcase name="tc_buyMob" time="0.004" classname="testngPack.checkTestNg"/>
  <testcase name="tc_LaunchFlipkart" time="0.005" classname="testngPack.checkTestNg"/>
</testsuite> <!-- testngPack.checkTestNg -->
