<?xml version="1.0" encoding="UTF-8"?>
<!-- Generated by org.testng.reporters.JUnitReportReporter -->
<testsuite hostname="LAPTOP-UK7PKGHG" name="testngPack.demo4" tests="5" failures="0" timestamp="4 Jan 2020 07:16:32 GMT" time="0.010" errors="0">
  <testcase name="b" time="0.002" classname="testngPack.demo4"/>
  <testcase name="d" time="0.001" classname="testngPack.demo4"/>
  <testcase name="c" time="0.003" classname="testngPack.demo4"/>
  <testcase name="e" time="0.002" classname="testngPack.demo4"/>
  <testcase name="a" time="0.002" classname="testngPack.demo4"/>
</testsuite> <!-- testngPack.demo4 -->
