<?xml version="1.0" encoding="UTF-8"?>
<!-- Generated by org.testng.reporters.JUnitReportReporter -->
<testsuite hostname="LAPTOP-UK7PKGHG" name="multiple.demo5" tests="2" failures="0" timestamp="4 Jan 2020 07:16:32 GMT" time="0.003" errors="0">
  <testcase name="e" time="0.002" classname="multiple.demo5"/>
  <testcase name="f" time="0.001" classname="multiple.demo5"/>
</testsuite> <!-- multiple.demo5 -->
